3.9803 	DEBUG 	Fullscreen settings ignored as running in pilot mode.
3.9814 	INFO 	Loaded monitor calibration from ['2025_03_10 10:13']
4.1942 	EXP 	Created window1 = Window(allowGUI=True, allowStencil=False, autoLog=True, backendConf=UNKNOWN, backgroundFit=<method-wrapper '__getattribute__' of attributeSetter object at 0x7fd42290b880>, backgroundImage=<method-wrapper '__getattribute__' of attributeSetter object at 0x7fd42290b790>, bitsMode=UNKNOWN, blendMode='avg', bpc=(8, 8, 8), color=array([0.3, 0.3, 0.3]), colorSpace='rgb', depthBits=8, fullscr=False, gamma=None, gammaErrorPolicy='raise', infoMsg=UNKNOWN, lms=UNKNOWN, monitor=<psychopy.monitors.calibTools.Monitor object at 0x7fd4225773a0>, multiSample=False, name='window1', numSamples=2, pos=[880.0, 420.0], screen=0, size=array([1600, 1200]), stencilBits=0, stereo=False, title='PsychoPy', units='height', useFBO=True, useRetina=True, viewOri=0.0, viewPos=None, viewScale=None, waitBlanking=True, winType='pyglet')
4.1942 	EXP 	window1: backgroundImage = ''
4.1942 	EXP 	window1: backgroundFit = 'none'
4.2048 	DEBUG 	TextBox2 loaded 1 chars with 0 blanks and 1 valid
4.2051 	DEBUG 	TextBox2 loaded 1 chars with 0 blanks and 1 valid
4.2055 	DEBUG 	TextBox2 loaded 1 chars with 0 blanks and 1 valid
4.2061 	DEBUG 	TextBox2 loaded 1 chars with 0 blanks and 1 valid
4.2066 	DEBUG 	TextBox2 loaded 1 chars with 0 blanks and 1 valid
4.2071 	DEBUG 	TextBox2 loaded 1 chars with 0 blanks and 1 valid
4.2077 	DEBUG 	TextBox2 loaded 1 chars with 0 blanks and 1 valid
4.2079 	DEBUG 	TextBox2 loaded 1 chars with 0 blanks and 1 valid
4.2081 	DEBUG 	TextBox2 loaded 1 chars with 0 blanks and 1 valid
4.2082 	DEBUG 	TextBox2 loaded 1 chars with 0 blanks and 1 valid
4.2087 	DEBUG 	TextBox2 loaded 1 chars with 0 blanks and 1 valid
4.2092 	DEBUG 	TextBox2 loaded 1 chars with 0 blanks and 1 valid
4.2094 	DEBUG 	TextBox2 loaded 1 chars with 0 blanks and 1 valid
4.2098 	DEBUG 	TextBox2 loaded 1 chars with 0 blanks and 1 valid
4.2102 	DEBUG 	TextBox2 loaded 1 chars with 0 blanks and 1 valid
4.2107 	DEBUG 	TextBox2 loaded 1 chars with 0 blanks and 1 valid
4.2111 	DEBUG 	TextBox2 loaded 1 chars with 0 blanks and 1 valid
4.2115 	DEBUG 	TextBox2 loaded 1 chars with 0 blanks and 1 valid
4.2119 	DEBUG 	TextBox2 loaded 1 chars with 0 blanks and 1 valid
4.2123 	DEBUG 	TextBox2 loaded 1 chars with 0 blanks and 1 valid
4.2128 	DEBUG 	TextBox2 loaded 1 chars with 0 blanks and 1 valid
4.2134 	DEBUG 	TextBox2 loaded 1 chars with 0 blanks and 1 valid
4.2138 	DEBUG 	TextBox2 loaded 1 chars with 0 blanks and 1 valid
4.2143 	DEBUG 	TextBox2 loaded 1 chars with 0 blanks and 1 valid
4.2147 	DEBUG 	TextBox2 loaded 1 chars with 0 blanks and 1 valid
4.2151 	DEBUG 	TextBox2 loaded 1 chars with 0 blanks and 1 valid
4.2157 	DEBUG 	TextBox2 loaded 1 chars with 0 blanks and 1 valid
4.2158 	DEBUG 	TextBox2 loaded 1 chars with 0 blanks and 1 valid
4.2160 	DEBUG 	Uploading Texture Font fontname to graphics card
4.2193 	DEBUG 	Upload of Texture Font fontname complete
4.2233 	DEBUG 	TextBox2 loaded 1 chars with 0 blanks and 1 valid
4.2238 	DEBUG 	TextBox2 loaded 1 chars with 0 blanks and 1 valid
4.2240 	DEBUG 	Uploading Texture Font fontname to graphics card
4.2256 	DEBUG 	Upload of Texture Font fontname complete
4.2336 	WARNING 	launchHubServer: If using the iohub mouse or eyetracker devices, fullScr should be True.
6.3008 	INFO 	keyboard.Keyboard is using iohub backend.
6.3009 	INFO 	keyboard.Keyboard is using iohub backend.
6.3009 	INFO 	keyboard.Keyboard is using iohub backend.
6.3009 	INFO 	keyboard.Keyboard is using iohub backend.
6.3009 	INFO 	keyboard.Keyboard is using iohub backend.
6.3009 	INFO 	keyboard.Keyboard is using iohub backend.
6.3010 	INFO 	keyboard.Keyboard is using iohub backend.
6.3010 	INFO 	keyboard.Keyboard is using iohub backend.
6.3010 	INFO 	keyboard.Keyboard is using iohub backend.
6.3010 	INFO 	keyboard.Keyboard is using iohub backend.
6.3010 	INFO 	keyboard.Keyboard is using iohub backend.
6.3010 	INFO 	keyboard.Keyboard is using iohub backend.
6.3010 	INFO 	keyboard.Keyboard is using iohub backend.
6.3010 	INFO 	keyboard.Keyboard is using iohub backend.
6.3011 	INFO 	keyboard.Keyboard is using iohub backend.
6.3011 	INFO 	keyboard.Keyboard is using iohub backend.
6.3011 	INFO 	keyboard.Keyboard is using iohub backend.
6.3011 	INFO 	keyboard.Keyboard is using iohub backend.
6.3011 	INFO 	keyboard.Keyboard is using iohub backend.
6.3011 	INFO 	keyboard.Keyboard is using iohub backend.
6.3011 	INFO 	keyboard.Keyboard is using iohub backend.
6.3011 	INFO 	keyboard.Keyboard is using iohub backend.
6.3012 	INFO 	keyboard.Keyboard is using iohub backend.
6.3012 	INFO 	keyboard.Keyboard is using iohub backend.
6.3012 	EXP 	Mood4: status = STARTED
6.3720 	EXP 	Created text_9 = TextStim(__class__=<class 'psychopy.visual.text.TextStim'>, alignHoriz=method-wrapper(...), alignText='center', alignVert=method-wrapper(...), anchorHoriz='center', anchorVert='center', antialias=True, autoDraw=False, autoLog=True, bold=False, color=array([-1., -1., -1.]), colorSpace='rgb', contrast=1.0, depth=0.0, draggable=False, flipHoriz=False, flipVert=False, font='Arial', fontFiles=[], height=0.03, italic=False, languageStyle='LTR', name='text_9', opacity=1, ori=0.0, pos=array([0., 0.]), rgb=UNKNOWN, text=str(...), units='height', win=Window(...), wrapWidth=1)
6.3760 	DEBUG 	TextBox2 loaded 1 chars with 0 blanks and 1 valid
6.3762 	DEBUG 	TextBox2 loaded 1 chars with 0 blanks and 1 valid
6.3763 	DEBUG 	TextBox2 loaded 1 chars with 0 blanks and 1 valid
6.3765 	DEBUG 	TextBox2 loaded 1 chars with 0 blanks and 1 valid
6.3767 	DEBUG 	TextBox2 loaded 1 chars with 0 blanks and 1 valid
6.3769 	DEBUG 	TextBox2 loaded 1 chars with 0 blanks and 1 valid
6.3771 	DEBUG 	TextBox2 loaded 1 chars with 0 blanks and 1 valid
6.3772 	DEBUG 	Uploading Texture Font fontname to graphics card
6.3793 	DEBUG 	Upload of Texture Font fontname complete
6.3825 	DEBUG 	TextBox2 loaded 1 chars with 0 blanks and 1 valid
6.3828 	DEBUG 	TextBox2 loaded 1 chars with 0 blanks and 1 valid
6.3830 	DEBUG 	TextBox2 loaded 1 chars with 0 blanks and 1 valid
6.3833 	DEBUG 	TextBox2 loaded 1 chars with 0 blanks and 1 valid
6.3834 	DEBUG 	TextBox2 loaded 1 chars with 0 blanks and 1 valid
6.3835 	DEBUG 	Uploading Texture Font fontname to graphics card
6.3850 	DEBUG 	Upload of Texture Font fontname complete
6.3862 	EXP 	Created Intro_text_show = TextStim(__class__=<class 'psychopy.visual.text.TextStim'>, alignHoriz=method-wrapper(...), alignText='center', alignVert=method-wrapper(...), anchorHoriz='center', anchorVert='center', antialias=True, autoDraw=False, autoLog=True, bold=False, color=array([-1., -1., -1.]), colorSpace='rgb', contrast=1.0, depth=0.0, draggable=False, flipHoriz=False, flipVert=False, font='Arial', fontFiles=[], height=0.04, italic=False, languageStyle='LTR', name='Intro_text_show', opacity=1, ori=0.0, pos=array([0., 0.]), rgb=UNKNOWN, text='', units='height', win=Window(...), wrapWidth=1)
6.3899 	EXP 	Created Continue_txt = TextStim(__class__=<class 'psychopy.visual.text.TextStim'>, alignHoriz=method-wrapper(...), alignText='center', alignVert=method-wrapper(...), anchorHoriz='center', anchorVert='center', antialias=True, autoDraw=False, autoLog=True, bold=False, color=array([-1., -1., -1.]), colorSpace='rgb', contrast=1.0, depth=-1.0, draggable=False, flipHoriz=False, flipVert=False, font='Arial', fontFiles=[], height=0.04, italic=False, languageStyle='LTR', name='Continue_txt', opacity=1, ori=0.0, pos=array([ 0. , -0.4]), rgb=UNKNOWN, text='Press <enter> to continue', units='height', win=Window(...), wrapWidth=1)
6.3926 	EXP 	Created fixation_inst_5a = ShapeStim(__class__=<class 'psychopy.visual.shape.ShapeStim'>, anchor=('center', 'center'), autoDraw=False, autoLog=True, closeShape=True, color=method-wrapper(...), colorSpace='rgb', contrast=None, depth=-1.0, draggable=False, fillColor=array([-1, -1, -1]), fillColorSpace='rgb', fillRGB=array([-1, -1, -1]), interpolate=True, lineColor=array([-1., -1., -1.]), lineColorSpace='rgb', lineRGB=array([-1, -1, -1]), lineWidth=1.0, name='fixation_inst_5a', opacity=1, ori=0.0, pos=array([0., 0.]), size=array([0.03, 0.03]), units='height', vertices=ndarray(...), win=Window(...), windingRule=None)
6.3934 	EXP 	Created LL_line = Rect(__class__=<class 'psychopy.visual.rect.Rect'>, anchor=('center', 'center'), autoDraw=False, autoLog=True, closeShape=True, color=method-wrapper(...), colorSpace='rgb', contrast=None, depth=-2.0, draggable=False, fillColor=array([-1, -1, -1]), fillColorSpace='rgb', fillRGB=array([-1, -1, -1]), interpolate=True, lineColor=array([-1., -1., -1.]), lineColorSpace='rgb', lineRGB=array([-1, -1, -1]), lineWidth=1.0, name='LL_line', opacity=1, ori=0.0, pos=array([-0.55,  0.  ]), size=array([0.002, 0.7  ]), units='height', vertices=ndarray(...), win=Window(...))
6.3940 	EXP 	Created LR_line = Rect(__class__=<class 'psychopy.visual.rect.Rect'>, anchor=('center', 'center'), autoDraw=False, autoLog=True, closeShape=True, color=method-wrapper(...), colorSpace='rgb', contrast=None, depth=-3.0, draggable=False, fillColor=array([-1, -1, -1]), fillColorSpace='rgb', fillRGB=array([-1, -1, -1]), interpolate=True, lineColor=array([-1., -1., -1.]), lineColorSpace='rgb', lineRGB=array([-1, -1, -1]), lineWidth=1.0, name='LR_line', opacity=1, ori=0.0, pos=array([-0.1,  0. ]), size=array([0.002, 0.7  ]), units='height', vertices=ndarray(...), win=Window(...))
6.3946 	EXP 	Created RL_line = Rect(__class__=<class 'psychopy.visual.rect.Rect'>, anchor=('center', 'center'), autoDraw=False, autoLog=True, closeShape=True, color=method-wrapper(...), colorSpace='rgb', contrast=None, depth=-4.0, draggable=False, fillColor=array([-1, -1, -1]), fillColorSpace='rgb', fillRGB=array([-1, -1, -1]), interpolate=True, lineColor=array([-1., -1., -1.]), lineColorSpace='rgb', lineRGB=array([-1, -1, -1]), lineWidth=1.0, name='RL_line', opacity=1, ori=0.0, pos=array([0.1, 0. ]), size=array([0.002, 0.7  ]), units='height', vertices=ndarray(...), win=Window(...))
6.3952 	EXP 	Created RR_line = Rect(__class__=<class 'psychopy.visual.rect.Rect'>, anchor=('center', 'center'), autoDraw=False, autoLog=True, closeShape=True, color=method-wrapper(...), colorSpace='rgb', contrast=None, depth=-5.0, draggable=False, fillColor=array([-1, -1, -1]), fillColorSpace='rgb', fillRGB=array([-1, -1, -1]), interpolate=True, lineColor=array([-1., -1., -1.]), lineColorSpace='rgb', lineRGB=array([-1, -1, -1]), lineWidth=1.0, name='RR_line', opacity=1, ori=0.0, pos=array([0.55, 0.  ]), size=array([0.002, 0.7  ]), units='height', vertices=ndarray(...), win=Window(...))
6.3957 	EXP 	Created intro_sure = Rect(__class__=<class 'psychopy.visual.rect.Rect'>, anchor=('center', 'center'), autoDraw=False, autoLog=True, closeShape=True, color=method-wrapper(...), colorSpace='rgb', contrast=None, depth=-6.0, draggable=False, fillColor=array([1, 1, 1]), fillColorSpace='rgb', fillRGB=array([1, 1, 1]), interpolate=True, lineColor=array([1., 1., 1.]), lineColorSpace='rgb', lineRGB=array([1, 1, 1]), lineWidth=1.0, name='intro_sure', opacity=1, ori=0.0, pos=array([-0.335,  0.   ]), size=array([0.2, 0.2]), units='height', vertices=ndarray(...), win=Window(...))
6.3963 	EXP 	Created intro_sure_txt = TextStim(__class__=<class 'psychopy.visual.text.TextStim'>, alignHoriz=method-wrapper(...), alignText='center', alignVert=method-wrapper(...), anchorHoriz='center', anchorVert='center', antialias=True, autoDraw=False, autoLog=True, bold=False, color=array([-1., -1., -1.]), colorSpace='rgb', contrast=1.0, depth=-7.0, draggable=False, flipHoriz=False, flipVert=False, font='Arial', fontFiles=[], height=0.055, italic=False, languageStyle='LTR', name='intro_sure_txt', opacity=1, ori=0.0, pos=array([-0.335,  0.   ]), rgb=UNKNOWN, text='', units='height', win=Window(...), wrapWidth=1)
6.3968 	EXP 	Created intro_gambletop = Rect(__class__=<class 'psychopy.visual.rect.Rect'>, anchor=('center', 'center'), autoDraw=False, autoLog=True, closeShape=True, color=method-wrapper(...), colorSpace='rgb', contrast=None, depth=-8.0, draggable=False, fillColor=array([1, 1, 1]), fillColorSpace='rgb', fillRGB=array([1, 1, 1]), interpolate=True, lineColor=array([1., 1., 1.]), lineColorSpace='rgb', lineRGB=array([1, 1, 1]), lineWidth=1.0, name='intro_gambletop', opacity=1, ori=0.0, pos=array([0.335, 0.2  ]), size=array([0.2, 0.2]), units='height', vertices=ndarray(...), win=Window(...))
6.3992 	EXP 	Created intro_gambletop_txt = TextStim(__class__=<class 'psychopy.visual.text.TextStim'>, alignHoriz=method-wrapper(...), alignText='center', alignVert=method-wrapper(...), anchorHoriz='center', anchorVert='center', antialias=True, autoDraw=False, autoLog=True, bold=False, color=array([-1., -1., -1.]), colorSpace='rgb', contrast=1.0, depth=-9.0, draggable=False, flipHoriz=False, flipVert=False, font='Arial', fontFiles=[], height=0.055, italic=False, languageStyle='LTR', name='intro_gambletop_txt', opacity=1, ori=0.0, pos=array([0.335, 0.23 ]), rgb=UNKNOWN, text='0.3', units='height', win=Window(...), wrapWidth=1)
6.4007 	EXP 	Created intro_gambletop_p = TextStim(__class__=<class 'psychopy.visual.text.TextStim'>, alignHoriz=method-wrapper(...), alignText='center', alignVert=method-wrapper(...), anchorHoriz='center', anchorVert='center', antialias=True, autoDraw=False, autoLog=True, bold=False, color=array([-1., -1., -1.]), colorSpace='rgb', contrast=1.0, depth=-10.0, draggable=False, flipHoriz=False, flipVert=False, font='Arial', fontFiles=[], height=0.04, italic=False, languageStyle='LTR', name='intro_gambletop_p', opacity=1, ori=0.0, pos=array([0.335, 0.16 ]), rgb=UNKNOWN, text='80%', units='height', win=Window(...), wrapWidth=1)
6.4020 	EXP 	Created intro_gamblelow = Rect(__class__=<class 'psychopy.visual.rect.Rect'>, anchor=('center', 'center'), autoDraw=False, autoLog=True, closeShape=True, color=method-wrapper(...), colorSpace='rgb', contrast=None, depth=-11.0, draggable=False, fillColor=array([1, 1, 1]), fillColorSpace='rgb', fillRGB=array([1, 1, 1]), interpolate=True, lineColor=array([1., 1., 1.]), lineColorSpace='rgb', lineRGB=array([1, 1, 1]), lineWidth=1.0, name='intro_gamblelow', opacity=1, ori=0.0, pos=array([ 0.335, -0.2  ]), size=array([0.2, 0.2]), units='height', vertices=ndarray(...), win=Window(...))
6.4029 	EXP 	Created intro_gamblelow_txt = TextStim(__class__=<class 'psychopy.visual.text.TextStim'>, alignHoriz=method-wrapper(...), alignText='center', alignVert=method-wrapper(...), anchorHoriz='center', anchorVert='center', antialias=True, autoDraw=False, autoLog=True, bold=False, color=array([-1., -1., -1.]), colorSpace='rgb', contrast=1.0, depth=-12.0, draggable=False, flipHoriz=False, flipVert=False, font='Arial', fontFiles=[], height=0.055, italic=False, languageStyle='LTR', name='intro_gamblelow_txt', opacity=1, ori=0.0, pos=array([ 0.335, -0.17 ]), rgb=UNKNOWN, text='0', units='height', win=Window(...), wrapWidth=1)
6.4041 	EXP 	Created intro_gamblelow_p = TextStim(__class__=<class 'psychopy.visual.text.TextStim'>, alignHoriz=method-wrapper(...), alignText='center', alignVert=method-wrapper(...), anchorHoriz='center', anchorVert='center', antialias=True, autoDraw=False, autoLog=True, bold=False, color=array([-1., -1., -1.]), colorSpace='rgb', contrast=1.0, depth=-13.0, draggable=False, flipHoriz=False, flipVert=False, font='Arial', fontFiles=[], height=0.04, italic=False, languageStyle='LTR', name='intro_gamblelow_p', opacity=1, ori=0.0, pos=array([ 0.335, -0.24 ]), rgb=UNKNOWN, text='20%', units='height', win=Window(...), wrapWidth=1)
6.4128 	EXP 	Created text_inst_5a = TextStim(__class__=<class 'psychopy.visual.text.TextStim'>, alignHoriz=method-wrapper(...), alignText='center', alignVert=method-wrapper(...), anchorHoriz='center', anchorVert='center', antialias=True, autoDraw=False, autoLog=True, bold=False, color=array([-1., -1., -1.]), colorSpace='rgb', contrast=1.0, depth=-14.0, draggable=False, flipHoriz=False, flipVert=False, font='Arial', fontFiles=[], height=0.03, italic=False, languageStyle='LTR', name='text_inst_5a', opacity=1, ori=0.0, pos=array([ 0.  , -0.43]), rgb=UNKNOWN, text=str(...), units='height', win=Window(...), wrapWidth=1)
6.4139 	EXP 	Created fixation_inst_5a_2 = ShapeStim(__class__=<class 'psychopy.visual.shape.ShapeStim'>, anchor=('center', 'center'), autoDraw=False, autoLog=True, closeShape=True, color=method-wrapper(...), colorSpace='rgb', contrast=None, depth=-1.0, draggable=False, fillColor=array([1, 1, 1]), fillColorSpace='rgb', fillRGB=array([1, 1, 1]), interpolate=True, lineColor=array([1., 1., 1.]), lineColorSpace='rgb', lineRGB=array([1, 1, 1]), lineWidth=1.0, name='fixation_inst_5a_2', opacity=1, ori=0.0, pos=array([0., 0.]), size=array([0.03, 0.03]), units='height', vertices=ndarray(...), win=Window(...), windingRule=None)
6.4240 	DEBUG 	Saving data for Mood4 ExperimentHandler
6.4245 	INFO 	saved data to /Users/lucas/Documents/Experiments/Mood4/github_Mood4/data/_Mood4_2026-04-09_16h35.58.268.psydat
6.4246 	INFO 	saved data to '/Users/lucas/Documents/Experiments/Mood4/github_Mood4/data/_Mood4_2026-04-09_16h35.58.268.csv'
