3.8043 	DEBUG 	Fullscreen settings ignored as running in pilot mode.
3.8062 	INFO 	Loaded monitor calibration from ['2025_03_10 10:13']
3.9977 	EXP 	Created window1 = Window(allowGUI=True, allowStencil=False, autoLog=True, backendConf=UNKNOWN, backgroundFit=<method-wrapper '__getattribute__' of attributeSetter object at 0x7fdd51b9d6d0>, backgroundImage=<method-wrapper '__getattribute__' of attributeSetter object at 0x7fdd51b9d5b0>, bitsMode=UNKNOWN, blendMode='avg', bpc=(8, 8, 8), color=array([0.3, 0.3, 0.3]), colorSpace='rgb', depthBits=8, fullscr=False, gamma=None, gammaErrorPolicy='raise', infoMsg=UNKNOWN, lms=UNKNOWN, monitor=<psychopy.monitors.calibTools.Monitor object at 0x7fdd51a09280>, multiSample=False, name='window1', numSamples=2, pos=[880.0, 420.0], screen=0, size=array([1600, 1200]), stencilBits=0, stereo=False, title='PsychoPy', units='height', useFBO=True, useRetina=True, viewOri=0.0, viewPos=None, viewScale=None, waitBlanking=True, winType='pyglet')
3.9977 	EXP 	window1: backgroundImage = ''
3.9978 	EXP 	window1: backgroundFit = 'none'
4.0066 	DEBUG 	TextBox2 loaded 1 chars with 0 blanks and 1 valid
4.0068 	DEBUG 	TextBox2 loaded 1 chars with 0 blanks and 1 valid
4.0073 	DEBUG 	TextBox2 loaded 1 chars with 0 blanks and 1 valid
4.0080 	DEBUG 	TextBox2 loaded 1 chars with 0 blanks and 1 valid
4.0086 	DEBUG 	TextBox2 loaded 1 chars with 0 blanks and 1 valid
4.0091 	DEBUG 	TextBox2 loaded 1 chars with 0 blanks and 1 valid
4.0097 	DEBUG 	TextBox2 loaded 1 chars with 0 blanks and 1 valid
4.0100 	DEBUG 	TextBox2 loaded 1 chars with 0 blanks and 1 valid
4.0101 	DEBUG 	TextBox2 loaded 1 chars with 0 blanks and 1 valid
4.0103 	DEBUG 	TextBox2 loaded 1 chars with 0 blanks and 1 valid
4.0108 	DEBUG 	TextBox2 loaded 1 chars with 0 blanks and 1 valid
4.0113 	DEBUG 	TextBox2 loaded 1 chars with 0 blanks and 1 valid
4.0116 	DEBUG 	TextBox2 loaded 1 chars with 0 blanks and 1 valid
4.0120 	DEBUG 	TextBox2 loaded 1 chars with 0 blanks and 1 valid
4.0123 	DEBUG 	TextBox2 loaded 1 chars with 0 blanks and 1 valid
4.0129 	DEBUG 	TextBox2 loaded 1 chars with 0 blanks and 1 valid
4.0133 	DEBUG 	TextBox2 loaded 1 chars with 0 blanks and 1 valid
4.0137 	DEBUG 	TextBox2 loaded 1 chars with 0 blanks and 1 valid
4.0141 	DEBUG 	TextBox2 loaded 1 chars with 0 blanks and 1 valid
4.0145 	DEBUG 	TextBox2 loaded 1 chars with 0 blanks and 1 valid
4.0151 	DEBUG 	TextBox2 loaded 1 chars with 0 blanks and 1 valid
4.0156 	DEBUG 	TextBox2 loaded 1 chars with 0 blanks and 1 valid
4.0161 	DEBUG 	TextBox2 loaded 1 chars with 0 blanks and 1 valid
4.0166 	DEBUG 	TextBox2 loaded 1 chars with 0 blanks and 1 valid
4.0171 	DEBUG 	TextBox2 loaded 1 chars with 0 blanks and 1 valid
4.0175 	DEBUG 	TextBox2 loaded 1 chars with 0 blanks and 1 valid
4.0181 	DEBUG 	TextBox2 loaded 1 chars with 0 blanks and 1 valid
4.0183 	DEBUG 	TextBox2 loaded 1 chars with 0 blanks and 1 valid
4.0184 	DEBUG 	Uploading Texture Font fontname to graphics card
4.0211 	DEBUG 	Upload of Texture Font fontname complete
4.0252 	DEBUG 	TextBox2 loaded 1 chars with 0 blanks and 1 valid
4.0258 	DEBUG 	TextBox2 loaded 1 chars with 0 blanks and 1 valid
4.0259 	DEBUG 	Uploading Texture Font fontname to graphics card
4.0273 	DEBUG 	Upload of Texture Font fontname complete
4.0353 	WARNING 	launchHubServer: If using the iohub mouse or eyetracker devices, fullScr should be True.
6.3124 	INFO 	keyboard.Keyboard is using iohub backend.
6.3125 	INFO 	keyboard.Keyboard is using iohub backend.
6.3125 	INFO 	keyboard.Keyboard is using iohub backend.
6.3125 	INFO 	keyboard.Keyboard is using iohub backend.
6.3125 	INFO 	keyboard.Keyboard is using iohub backend.
6.3125 	INFO 	keyboard.Keyboard is using iohub backend.
6.3125 	INFO 	keyboard.Keyboard is using iohub backend.
6.3125 	INFO 	keyboard.Keyboard is using iohub backend.
6.3126 	INFO 	keyboard.Keyboard is using iohub backend.
6.3126 	INFO 	keyboard.Keyboard is using iohub backend.
6.3126 	INFO 	keyboard.Keyboard is using iohub backend.
6.3126 	INFO 	keyboard.Keyboard is using iohub backend.
6.3126 	INFO 	keyboard.Keyboard is using iohub backend.
6.3126 	INFO 	keyboard.Keyboard is using iohub backend.
6.3126 	INFO 	keyboard.Keyboard is using iohub backend.
6.3126 	INFO 	keyboard.Keyboard is using iohub backend.
6.3127 	INFO 	keyboard.Keyboard is using iohub backend.
6.3127 	INFO 	keyboard.Keyboard is using iohub backend.
6.3127 	INFO 	keyboard.Keyboard is using iohub backend.
6.3127 	INFO 	keyboard.Keyboard is using iohub backend.
6.3127 	INFO 	keyboard.Keyboard is using iohub backend.
6.3127 	INFO 	keyboard.Keyboard is using iohub backend.
6.3127 	INFO 	keyboard.Keyboard is using iohub backend.
6.3127 	INFO 	keyboard.Keyboard is using iohub backend.
6.3128 	EXP 	Mood4: status = STARTED
6.3745 	EXP 	Created text_9 = TextStim(__class__=<class 'psychopy.visual.text.TextStim'>, alignHoriz=method-wrapper(...), alignText='center', alignVert=method-wrapper(...), anchorHoriz='center', anchorVert='center', antialias=True, autoDraw=False, autoLog=True, bold=False, color=array([-1., -1., -1.]), colorSpace='rgb', contrast=1.0, depth=0.0, draggable=False, flipHoriz=False, flipVert=False, font='Arial', fontFiles=[], height=0.03, italic=False, languageStyle='LTR', name='text_9', opacity=1, ori=0.0, pos=array([0., 0.]), rgb=UNKNOWN, text=str(...), units='height', win=Window(...), wrapWidth=1)
6.3787 	DEBUG 	TextBox2 loaded 1 chars with 0 blanks and 1 valid
6.3788 	DEBUG 	TextBox2 loaded 1 chars with 0 blanks and 1 valid
6.3790 	DEBUG 	TextBox2 loaded 1 chars with 0 blanks and 1 valid
6.3792 	DEBUG 	TextBox2 loaded 1 chars with 0 blanks and 1 valid
6.3794 	DEBUG 	TextBox2 loaded 1 chars with 0 blanks and 1 valid
6.3796 	DEBUG 	TextBox2 loaded 1 chars with 0 blanks and 1 valid
6.3798 	DEBUG 	TextBox2 loaded 1 chars with 0 blanks and 1 valid
6.3803 	DEBUG 	Uploading Texture Font fontname to graphics card
6.3827 	DEBUG 	Upload of Texture Font fontname complete
6.3861 	DEBUG 	TextBox2 loaded 1 chars with 0 blanks and 1 valid
6.3864 	DEBUG 	TextBox2 loaded 1 chars with 0 blanks and 1 valid
6.3866 	DEBUG 	TextBox2 loaded 1 chars with 0 blanks and 1 valid
6.3869 	DEBUG 	TextBox2 loaded 1 chars with 0 blanks and 1 valid
6.3871 	DEBUG 	TextBox2 loaded 1 chars with 0 blanks and 1 valid
6.3872 	DEBUG 	Uploading Texture Font fontname to graphics card
6.3888 	DEBUG 	Upload of Texture Font fontname complete
6.3900 	EXP 	Created Intro_text_show = TextStim(__class__=<class 'psychopy.visual.text.TextStim'>, alignHoriz=method-wrapper(...), alignText='center', alignVert=method-wrapper(...), anchorHoriz='center', anchorVert='center', antialias=True, autoDraw=False, autoLog=True, bold=False, color=array([-1., -1., -1.]), colorSpace='rgb', contrast=1.0, depth=0.0, draggable=False, flipHoriz=False, flipVert=False, font='Arial', fontFiles=[], height=0.04, italic=False, languageStyle='LTR', name='Intro_text_show', opacity=1, ori=0.0, pos=array([0., 0.]), rgb=UNKNOWN, text='', units='height', win=Window(...), wrapWidth=1)
6.3937 	EXP 	Created Continue_txt = TextStim(__class__=<class 'psychopy.visual.text.TextStim'>, alignHoriz=method-wrapper(...), alignText='center', alignVert=method-wrapper(...), anchorHoriz='center', anchorVert='center', antialias=True, autoDraw=False, autoLog=True, bold=False, color=array([-1., -1., -1.]), colorSpace='rgb', contrast=1.0, depth=-1.0, draggable=False, flipHoriz=False, flipVert=False, font='Arial', fontFiles=[], height=0.04, italic=False, languageStyle='LTR', name='Continue_txt', opacity=1, ori=0.0, pos=array([ 0. , -0.4]), rgb=UNKNOWN, text='Press <enter> to continue', units='height', win=Window(...), wrapWidth=1)
6.3964 	EXP 	Created fixation_inst_5a = ShapeStim(__class__=<class 'psychopy.visual.shape.ShapeStim'>, anchor=('center', 'center'), autoDraw=False, autoLog=True, closeShape=True, color=method-wrapper(...), colorSpace='rgb', contrast=None, depth=-1.0, draggable=False, fillColor=array([-1, -1, -1]), fillColorSpace='rgb', fillRGB=array([-1, -1, -1]), interpolate=True, lineColor=array([-1., -1., -1.]), lineColorSpace='rgb', lineRGB=array([-1, -1, -1]), lineWidth=1.0, name='fixation_inst_5a', opacity=1, ori=0.0, pos=array([0., 0.]), size=array([0.03, 0.03]), units='height', vertices=ndarray(...), win=Window(...), windingRule=None)
6.3971 	EXP 	Created intro_sure = Rect(__class__=<class 'psychopy.visual.rect.Rect'>, anchor=('center', 'center'), autoDraw=False, autoLog=True, closeShape=True, color=method-wrapper(...), colorSpace='rgb', contrast=None, depth=-2.0, draggable=False, fillColor=array([1, 1, 1]), fillColorSpace='rgb', fillRGB=array([1, 1, 1]), interpolate=True, lineColor=array([1., 1., 1.]), lineColorSpace='rgb', lineRGB=array([1, 1, 1]), lineWidth=1.0, name='intro_sure', opacity=1, ori=0.0, pos=array([-0.335,  0.   ]), size=array([0.2, 0.2]), units='height', vertices=ndarray(...), win=Window(...))
6.3977 	EXP 	Created intro_sure_txt = TextStim(__class__=<class 'psychopy.visual.text.TextStim'>, alignHoriz=method-wrapper(...), alignText='center', alignVert=method-wrapper(...), anchorHoriz='center', anchorVert='center', antialias=True, autoDraw=False, autoLog=True, bold=False, color=array([-1., -1., -1.]), colorSpace='rgb', contrast=1.0, depth=-3.0, draggable=False, flipHoriz=False, flipVert=False, font='Arial', fontFiles=[], height=0.055, italic=False, languageStyle='LTR', name='intro_sure_txt', opacity=1, ori=0.0, pos=array([-0.335,  0.   ]), rgb=UNKNOWN, text='', units='height', win=Window(...), wrapWidth=1)
6.3983 	EXP 	Created intro_gambletop = Rect(__class__=<class 'psychopy.visual.rect.Rect'>, anchor=('center', 'center'), autoDraw=False, autoLog=True, closeShape=True, color=method-wrapper(...), colorSpace='rgb', contrast=None, depth=-4.0, draggable=False, fillColor=array([1, 1, 1]), fillColorSpace='rgb', fillRGB=array([1, 1, 1]), interpolate=True, lineColor=array([1., 1., 1.]), lineColorSpace='rgb', lineRGB=array([1, 1, 1]), lineWidth=1.0, name='intro_gambletop', opacity=1, ori=0.0, pos=array([0.335, 0.2  ]), size=array([0.2, 0.2]), units='height', vertices=ndarray(...), win=Window(...))
6.3987 	EXP 	Created intro_gambletop_txt = TextStim(__class__=<class 'psychopy.visual.text.TextStim'>, alignHoriz=method-wrapper(...), alignText='center', alignVert=method-wrapper(...), anchorHoriz='center', anchorVert='center', antialias=True, autoDraw=False, autoLog=True, bold=False, color=array([-1., -1., -1.]), colorSpace='rgb', contrast=1.0, depth=-5.0, draggable=False, flipHoriz=False, flipVert=False, font='Arial', fontFiles=[], height=0.055, italic=False, languageStyle='LTR', name='intro_gambletop_txt', opacity=1, ori=0.0, pos=array([0.335, 0.23 ]), rgb=UNKNOWN, text='', units='height', win=Window(...), wrapWidth=1)
6.4101 	DEBUG 	Saving data for Mood4 ExperimentHandler
6.4106 	INFO 	saved data to /Users/lucas/Documents/Experiments/Mood4/github_Mood4/data/_Mood4_2026-04-16_16h18.23.901.psydat
6.4108 	INFO 	saved data to '/Users/lucas/Documents/Experiments/Mood4/github_Mood4/data/_Mood4_2026-04-16_16h18.23.901.csv'
