4.2988 	DEBUG 	Fullscreen settings ignored as running in pilot mode.
4.2999 	INFO 	Loaded monitor calibration from ['2025_03_10 10:13']
4.4562 	EXP 	Created window1 = Window(allowGUI=True, allowStencil=False, autoLog=True, backendConf=UNKNOWN, backgroundFit=<method-wrapper '__getattribute__' of attributeSetter object at 0x7f8cc19bd580>, backgroundImage=<method-wrapper '__getattribute__' of attributeSetter object at 0x7f8cc19bd520>, bitsMode=UNKNOWN, blendMode='avg', bpc=(8, 8, 8), color=array([0.3, 0.3, 0.3]), colorSpace='rgb', depthBits=8, fullscr=False, gamma=None, gammaErrorPolicy='raise', infoMsg=UNKNOWN, lms=UNKNOWN, monitor=<psychopy.monitors.calibTools.Monitor object at 0x7f8cb0934100>, multiSample=False, name='window1', numSamples=2, pos=[880.0, 420.0], screen=0, size=array([1600, 1200]), stencilBits=0, stereo=False, title='PsychoPy', units='height', useFBO=True, useRetina=True, viewOri=0.0, viewPos=None, viewScale=None, waitBlanking=True, winType='pyglet')
4.4562 	EXP 	window1: backgroundImage = ''
4.4562 	EXP 	window1: backgroundFit = 'none'
4.4622 	DEBUG 	TextBox2 loaded 1 chars with 0 blanks and 1 valid
4.4625 	DEBUG 	TextBox2 loaded 1 chars with 0 blanks and 1 valid
4.4629 	DEBUG 	TextBox2 loaded 1 chars with 0 blanks and 1 valid
4.4636 	DEBUG 	TextBox2 loaded 1 chars with 0 blanks and 1 valid
4.4641 	DEBUG 	TextBox2 loaded 1 chars with 0 blanks and 1 valid
4.4647 	DEBUG 	TextBox2 loaded 1 chars with 0 blanks and 1 valid
4.4653 	DEBUG 	TextBox2 loaded 1 chars with 0 blanks and 1 valid
4.4656 	DEBUG 	TextBox2 loaded 1 chars with 0 blanks and 1 valid
4.4657 	DEBUG 	TextBox2 loaded 1 chars with 0 blanks and 1 valid
4.4659 	DEBUG 	TextBox2 loaded 1 chars with 0 blanks and 1 valid
4.4664 	DEBUG 	TextBox2 loaded 1 chars with 0 blanks and 1 valid
4.4669 	DEBUG 	TextBox2 loaded 1 chars with 0 blanks and 1 valid
4.4672 	DEBUG 	TextBox2 loaded 1 chars with 0 blanks and 1 valid
4.4676 	DEBUG 	TextBox2 loaded 1 chars with 0 blanks and 1 valid
4.4679 	DEBUG 	TextBox2 loaded 1 chars with 0 blanks and 1 valid
4.4685 	DEBUG 	TextBox2 loaded 1 chars with 0 blanks and 1 valid
4.4689 	DEBUG 	TextBox2 loaded 1 chars with 0 blanks and 1 valid
4.4693 	DEBUG 	TextBox2 loaded 1 chars with 0 blanks and 1 valid
4.4697 	DEBUG 	TextBox2 loaded 1 chars with 0 blanks and 1 valid
4.4701 	DEBUG 	TextBox2 loaded 1 chars with 0 blanks and 1 valid
4.4707 	DEBUG 	TextBox2 loaded 1 chars with 0 blanks and 1 valid
4.4712 	DEBUG 	TextBox2 loaded 1 chars with 0 blanks and 1 valid
4.4718 	DEBUG 	TextBox2 loaded 1 chars with 0 blanks and 1 valid
4.4723 	DEBUG 	TextBox2 loaded 1 chars with 0 blanks and 1 valid
4.4728 	DEBUG 	TextBox2 loaded 1 chars with 0 blanks and 1 valid
4.4732 	DEBUG 	TextBox2 loaded 1 chars with 0 blanks and 1 valid
4.4737 	DEBUG 	TextBox2 loaded 1 chars with 0 blanks and 1 valid
4.4739 	DEBUG 	TextBox2 loaded 1 chars with 0 blanks and 1 valid
4.4741 	DEBUG 	Uploading Texture Font fontname to graphics card
4.4765 	DEBUG 	Upload of Texture Font fontname complete
4.4809 	DEBUG 	TextBox2 loaded 1 chars with 0 blanks and 1 valid
4.4815 	DEBUG 	TextBox2 loaded 1 chars with 0 blanks and 1 valid
4.4816 	DEBUG 	Uploading Texture Font fontname to graphics card
4.4831 	DEBUG 	Upload of Texture Font fontname complete
4.4917 	WARNING 	launchHubServer: If using the iohub mouse or eyetracker devices, fullScr should be True.
6.2689 	INFO 	keyboard.Keyboard is using iohub backend.
6.2690 	INFO 	keyboard.Keyboard is using iohub backend.
6.2690 	INFO 	keyboard.Keyboard is using iohub backend.
6.2690 	INFO 	keyboard.Keyboard is using iohub backend.
6.2690 	INFO 	keyboard.Keyboard is using iohub backend.
6.2690 	INFO 	keyboard.Keyboard is using iohub backend.
6.2690 	INFO 	keyboard.Keyboard is using iohub backend.
6.2691 	INFO 	keyboard.Keyboard is using iohub backend.
6.2691 	INFO 	keyboard.Keyboard is using iohub backend.
6.2691 	INFO 	keyboard.Keyboard is using iohub backend.
6.2691 	INFO 	keyboard.Keyboard is using iohub backend.
6.2691 	INFO 	keyboard.Keyboard is using iohub backend.
6.2691 	INFO 	keyboard.Keyboard is using iohub backend.
6.2691 	INFO 	keyboard.Keyboard is using iohub backend.
6.2691 	INFO 	keyboard.Keyboard is using iohub backend.
6.2692 	INFO 	keyboard.Keyboard is using iohub backend.
6.2692 	INFO 	keyboard.Keyboard is using iohub backend.
6.2692 	INFO 	keyboard.Keyboard is using iohub backend.
6.2692 	INFO 	keyboard.Keyboard is using iohub backend.
6.2692 	INFO 	keyboard.Keyboard is using iohub backend.
6.2692 	INFO 	keyboard.Keyboard is using iohub backend.
6.2692 	INFO 	keyboard.Keyboard is using iohub backend.
6.2693 	INFO 	keyboard.Keyboard is using iohub backend.
6.2693 	INFO 	keyboard.Keyboard is using iohub backend.
6.2693 	EXP 	Mood4: status = STARTED
6.3336 	EXP 	Created text_9 = TextStim(__class__=<class 'psychopy.visual.text.TextStim'>, alignHoriz=method-wrapper(...), alignText='center', alignVert=method-wrapper(...), anchorHoriz='center', anchorVert='center', antialias=True, autoDraw=False, autoLog=True, bold=False, color=array([-1., -1., -1.]), colorSpace='rgb', contrast=1.0, depth=0.0, draggable=False, flipHoriz=False, flipVert=False, font='Arial', fontFiles=[], height=0.03, italic=False, languageStyle='LTR', name='text_9', opacity=1, ori=0.0, pos=array([0., 0.]), rgb=UNKNOWN, text=str(...), units='height', win=Window(...), wrapWidth=1)
6.3375 	DEBUG 	TextBox2 loaded 1 chars with 0 blanks and 1 valid
6.3376 	DEBUG 	TextBox2 loaded 1 chars with 0 blanks and 1 valid
6.3378 	DEBUG 	TextBox2 loaded 1 chars with 0 blanks and 1 valid
6.3380 	DEBUG 	TextBox2 loaded 1 chars with 0 blanks and 1 valid
6.3382 	DEBUG 	TextBox2 loaded 1 chars with 0 blanks and 1 valid
6.3384 	DEBUG 	TextBox2 loaded 1 chars with 0 blanks and 1 valid
6.3386 	DEBUG 	TextBox2 loaded 1 chars with 0 blanks and 1 valid
6.3388 	DEBUG 	Uploading Texture Font fontname to graphics card
6.3413 	DEBUG 	Upload of Texture Font fontname complete
6.3450 	DEBUG 	TextBox2 loaded 1 chars with 0 blanks and 1 valid
6.3453 	DEBUG 	TextBox2 loaded 1 chars with 0 blanks and 1 valid
6.3455 	DEBUG 	TextBox2 loaded 1 chars with 0 blanks and 1 valid
6.3458 	DEBUG 	TextBox2 loaded 1 chars with 0 blanks and 1 valid
6.3460 	DEBUG 	TextBox2 loaded 1 chars with 0 blanks and 1 valid
6.3461 	DEBUG 	Uploading Texture Font fontname to graphics card
6.3480 	DEBUG 	Upload of Texture Font fontname complete
6.3494 	EXP 	Created Intro_text_show = TextStim(__class__=<class 'psychopy.visual.text.TextStim'>, alignHoriz=method-wrapper(...), alignText='center', alignVert=method-wrapper(...), anchorHoriz='center', anchorVert='center', antialias=True, autoDraw=False, autoLog=True, bold=False, color=array([-1., -1., -1.]), colorSpace='rgb', contrast=1.0, depth=0.0, draggable=False, flipHoriz=False, flipVert=False, font='Arial', fontFiles=[], height=0.04, italic=False, languageStyle='LTR', name='Intro_text_show', opacity=1, ori=0.0, pos=array([0., 0.]), rgb=UNKNOWN, text='', units='height', win=Window(...), wrapWidth=1)
6.3535 	EXP 	Created Continue_txt = TextStim(__class__=<class 'psychopy.visual.text.TextStim'>, alignHoriz=method-wrapper(...), alignText='center', alignVert=method-wrapper(...), anchorHoriz='center', anchorVert='center', antialias=True, autoDraw=False, autoLog=True, bold=False, color=array([-1., -1., -1.]), colorSpace='rgb', contrast=1.0, depth=-1.0, draggable=False, flipHoriz=False, flipVert=False, font='Arial', fontFiles=[], height=0.04, italic=False, languageStyle='LTR', name='Continue_txt', opacity=1, ori=0.0, pos=array([ 0. , -0.4]), rgb=UNKNOWN, text='Press <enter> to continue', units='height', win=Window(...), wrapWidth=1)
6.3583 	EXP 	Created fixation_inst_5a = ShapeStim(__class__=<class 'psychopy.visual.shape.ShapeStim'>, anchor=('center', 'center'), autoDraw=False, autoLog=True, closeShape=True, color=method-wrapper(...), colorSpace='rgb', contrast=None, depth=-1.0, draggable=False, fillColor=array([-1, -1, -1]), fillColorSpace='rgb', fillRGB=array([-1, -1, -1]), interpolate=True, lineColor=array([-1., -1., -1.]), lineColorSpace='rgb', lineRGB=array([-1, -1, -1]), lineWidth=1.0, name='fixation_inst_5a', opacity=1, ori=0.0, pos=array([0., 0.]), size=array([0.03, 0.03]), units='height', vertices=ndarray(...), win=Window(...), windingRule=None)
6.3592 	EXP 	Created intro_sure = Rect(__class__=<class 'psychopy.visual.rect.Rect'>, anchor=('center', 'center'), autoDraw=False, autoLog=True, closeShape=True, color=method-wrapper(...), colorSpace='rgb', contrast=None, depth=-2.0, draggable=False, fillColor=array([1, 1, 1]), fillColorSpace='rgb', fillRGB=array([1, 1, 1]), interpolate=True, lineColor=array([1., 1., 1.]), lineColorSpace='rgb', lineRGB=array([1, 1, 1]), lineWidth=1.0, name='intro_sure', opacity=1, ori=0.0, pos=array([-0.335,  0.   ]), size=array([0.2, 0.2]), units='height', vertices=ndarray(...), win=Window(...))
6.3598 	EXP 	Created intro_sure_txt = TextStim(__class__=<class 'psychopy.visual.text.TextStim'>, alignHoriz=method-wrapper(...), alignText='center', alignVert=method-wrapper(...), anchorHoriz='center', anchorVert='center', antialias=True, autoDraw=False, autoLog=True, bold=False, color=array([-1., -1., -1.]), colorSpace='rgb', contrast=1.0, depth=-3.0, draggable=False, flipHoriz=False, flipVert=False, font='Arial', fontFiles=[], height=0.055, italic=False, languageStyle='LTR', name='intro_sure_txt', opacity=1, ori=0.0, pos=array([-0.335,  0.   ]), rgb=UNKNOWN, text='', units='height', win=Window(...), wrapWidth=1)
6.3604 	EXP 	Created intro_gambletop = Rect(__class__=<class 'psychopy.visual.rect.Rect'>, anchor=('center', 'center'), autoDraw=False, autoLog=True, closeShape=True, color=method-wrapper(...), colorSpace='rgb', contrast=None, depth=-4.0, draggable=False, fillColor=array([1, 1, 1]), fillColorSpace='rgb', fillRGB=array([1, 1, 1]), interpolate=True, lineColor=array([1., 1., 1.]), lineColorSpace='rgb', lineRGB=array([1, 1, 1]), lineWidth=1.0, name='intro_gambletop', opacity=1, ori=0.0, pos=array([0.335, 0.2  ]), size=array([0.2, 0.2]), units='height', vertices=ndarray(...), win=Window(...))
6.3608 	EXP 	Created intro_gambletop_txt = TextStim(__class__=<class 'psychopy.visual.text.TextStim'>, alignHoriz=method-wrapper(...), alignText='center', alignVert=method-wrapper(...), anchorHoriz='center', anchorVert='center', antialias=True, autoDraw=False, autoLog=True, bold=False, color=array([-1., -1., -1.]), colorSpace='rgb', contrast=1.0, depth=-5.0, draggable=False, flipHoriz=False, flipVert=False, font='Arial', fontFiles=[], height=0.055, italic=False, languageStyle='LTR', name='intro_gambletop_txt', opacity=1, ori=0.0, pos=array([0.335, 0.23 ]), rgb=UNKNOWN, text='', units='height', win=Window(...), wrapWidth=1)
6.3612 	EXP 	Created intro_gambletop_p = TextStim(__class__=<class 'psychopy.visual.text.TextStim'>, alignHoriz=method-wrapper(...), alignText='center', alignVert=method-wrapper(...), anchorHoriz='center', anchorVert='center', antialias=True, autoDraw=False, autoLog=True, bold=False, color=array([-1., -1., -1.]), colorSpace='rgb', contrast=1.0, depth=-6.0, draggable=False, flipHoriz=False, flipVert=False, font='Arial', fontFiles=[], height=0.04, italic=False, languageStyle='LTR', name='intro_gambletop_p', opacity=1, ori=0.0, pos=array([0.335, 0.16 ]), rgb=UNKNOWN, text='', units='height', win=Window(...), wrapWidth=1)
6.3618 	EXP 	Created intro_gamblelow = Rect(__class__=<class 'psychopy.visual.rect.Rect'>, anchor=('center', 'center'), autoDraw=False, autoLog=True, closeShape=True, color=method-wrapper(...), colorSpace='rgb', contrast=None, depth=-7.0, draggable=False, fillColor=array([1, 1, 1]), fillColorSpace='rgb', fillRGB=array([1, 1, 1]), interpolate=True, lineColor=array([1., 1., 1.]), lineColorSpace='rgb', lineRGB=array([1, 1, 1]), lineWidth=1.0, name='intro_gamblelow', opacity=1, ori=0.0, pos=array([ 0.335, -0.2  ]), size=array([0.2, 0.2]), units='height', vertices=ndarray(...), win=Window(...))
6.3639 	EXP 	Created intro_gamblelow_txt = TextStim(__class__=<class 'psychopy.visual.text.TextStim'>, alignHoriz=method-wrapper(...), alignText='center', alignVert=method-wrapper(...), anchorHoriz='center', anchorVert='center', antialias=True, autoDraw=False, autoLog=True, bold=False, color=array([-1., -1., -1.]), colorSpace='rgb', contrast=1.0, depth=-8.0, draggable=False, flipHoriz=False, flipVert=False, font='Arial', fontFiles=[], height=0.055, italic=False, languageStyle='LTR', name='intro_gamblelow_txt', opacity=1, ori=0.0, pos=array([ 0.335, -0.17 ]), rgb=UNKNOWN, text='0', units='height', win=Window(...), wrapWidth=1)
6.3670 	EXP 	Created intro_gamblelow_p = TextStim(__class__=<class 'psychopy.visual.text.TextStim'>, alignHoriz=method-wrapper(...), alignText='center', alignVert=method-wrapper(...), anchorHoriz='center', anchorVert='center', antialias=True, autoDraw=False, autoLog=True, bold=False, color=array([-1., -1., -1.]), colorSpace='rgb', contrast=1.0, depth=-9.0, draggable=False, flipHoriz=False, flipVert=False, font='Arial', fontFiles=[], height=0.04, italic=False, languageStyle='LTR', name='intro_gamblelow_p', opacity=1, ori=0.0, pos=array([ 0.335, -0.24 ]), rgb=UNKNOWN, text='20%', units='height', win=Window(...), wrapWidth=1)
6.3771 	EXP 	Created text_inst_5a = TextStim(__class__=<class 'psychopy.visual.text.TextStim'>, alignHoriz=method-wrapper(...), alignText='center', alignVert=method-wrapper(...), anchorHoriz='center', anchorVert='center', antialias=True, autoDraw=False, autoLog=True, bold=False, color=array([-1., -1., -1.]), colorSpace='rgb', contrast=1.0, depth=-10.0, draggable=False, flipHoriz=False, flipVert=False, font='Arial', fontFiles=[], height=0.03, italic=False, languageStyle='LTR', name='text_inst_5a', opacity=1, ori=0.0, pos=array([ 0.  , -0.43]), rgb=UNKNOWN, text=str(...), units='height', win=Window(...), wrapWidth=1)
6.3782 	EXP 	Created fixation_inst_5a_2 = ShapeStim(__class__=<class 'psychopy.visual.shape.ShapeStim'>, anchor=('center', 'center'), autoDraw=False, autoLog=True, closeShape=True, color=method-wrapper(...), colorSpace='rgb', contrast=None, depth=-1.0, draggable=False, fillColor=array([1, 1, 1]), fillColorSpace='rgb', fillRGB=array([1, 1, 1]), interpolate=True, lineColor=array([1., 1., 1.]), lineColorSpace='rgb', lineRGB=array([1, 1, 1]), lineWidth=1.0, name='fixation_inst_5a_2', opacity=1, ori=0.0, pos=array([0., 0.]), size=array([0.03, 0.03]), units='height', vertices=ndarray(...), win=Window(...), windingRule=None)
6.3789 	EXP 	Created intro_sure_2 = Rect(__class__=<class 'psychopy.visual.rect.Rect'>, anchor=('center', 'center'), autoDraw=False, autoLog=True, closeShape=True, color=method-wrapper(...), colorSpace='rgb', contrast=None, depth=-2.0, draggable=False, fillColor=array([1, 1, 1]), fillColorSpace='rgb', fillRGB=array([1, 1, 1]), interpolate=True, lineColor=array([1., 1., 1.]), lineColorSpace='rgb', lineRGB=array([1, 1, 1]), lineWidth=1.0, name='intro_sure_2', opacity=1, ori=0.0, pos=array([-0.335,  0.   ]), size=array([0.2, 0.2]), units='height', vertices=ndarray(...), win=Window(...))
6.3793 	EXP 	Created intro_sure_txt_2 = TextStim(__class__=<class 'psychopy.visual.text.TextStim'>, alignHoriz=method-wrapper(...), alignText='center', alignVert=method-wrapper(...), anchorHoriz='center', anchorVert='center', antialias=True, autoDraw=False, autoLog=True, bold=False, color=array([-1., -1., -1.]), colorSpace='rgb', contrast=1.0, depth=-3.0, draggable=False, flipHoriz=False, flipVert=False, font='Arial', fontFiles=[], height=0.055, italic=False, languageStyle='LTR', name='intro_sure_txt_2', opacity=1, ori=0.0, pos=array([-0.335,  0.   ]), rgb=UNKNOWN, text='', units='height', win=Window(...), wrapWidth=1)
6.3822 	EXP 	Created total_prompt_inst_5a = TextStim(__class__=<class 'psychopy.visual.text.TextStim'>, alignHoriz=method-wrapper(...), alignText='center', alignVert=method-wrapper(...), anchorHoriz='center', anchorVert='center', antialias=True, autoDraw=False, autoLog=True, bold=False, color=array([1., 1., 1.]), colorSpace='rgb', contrast=1.0, depth=0.0, draggable=False, flipHoriz=False, flipVert=False, font='Arial', fontFiles=[], height=0.05, italic=False, languageStyle='LTR', name='total_prompt_inst_5a', opacity=1, ori=0.0, pos=array([-0.55,  0.4 ]), rgb=UNKNOWN, text='Current total: ', units='height', win=Window(...), wrapWidth=1)
6.3825 	EXP 	Created curr_total_inst_5a = TextStim(__class__=<class 'psychopy.visual.text.TextStim'>, alignHoriz=method-wrapper(...), alignText='center', alignVert=method-wrapper(...), anchorHoriz='center', anchorVert='center', antialias=True, autoDraw=False, autoLog=True, bold=False, color=array([ 1.    ,  0.6863, -1.    ]), colorSpace='rgb', contrast=1.0, depth=-1.0, draggable=False, flipHoriz=False, flipVert=False, font='Arial', fontFiles=[], height=0.06, italic=False, languageStyle='LTR', name='curr_total_inst_5a', opacity=1, ori=0.0, pos=array([-0.3,  0.4]), rgb=UNKNOWN, text='', units='height', win=Window(...), wrapWidth=1)
6.3835 	EXP 	Created fixation_inst_5a_4 = ShapeStim(__class__=<class 'psychopy.visual.shape.ShapeStim'>, anchor=('center', 'center'), autoDraw=False, autoLog=True, closeShape=True, color=method-wrapper(...), colorSpace='rgb', contrast=None, depth=-2.0, draggable=False, fillColor=array([1, 1, 1]), fillColorSpace='rgb', fillRGB=array([1, 1, 1]), interpolate=True, lineColor=array([1., 1., 1.]), lineColorSpace='rgb', lineRGB=array([1, 1, 1]), lineWidth=1.0, name='fixation_inst_5a_4', opacity=1, ori=0.0, pos=array([0., 0.]), size=array([0.03, 0.03]), units='height', vertices=ndarray(...), win=Window(...), windingRule=None)
6.3841 	EXP 	Created p_outcome_square_2 = Rect(__class__=<class 'psychopy.visual.rect.Rect'>, anchor=('center', 'center'), autoDraw=False, autoLog=True, closeShape=True, color=method-wrapper(...), colorSpace='rgb', contrast=None, depth=-3.0, draggable=False, fillColor=array([1, 1, 1]), fillColorSpace='rgb', fillRGB=array([1, 1, 1]), interpolate=True, lineColor=array([1., 1., 1.]), lineColorSpace='rgb', lineRGB=array([1, 1, 1]), lineWidth=1.0, name='p_outcome_square_2', opacity=1, ori=0.0, pos=array([0., 0.]), size=array([1., 1.]), units='height', vertices=ndarray(...), win=Window(...))
6.3867 	EXP 	Created intro_outcome_text = TextStim(__class__=<class 'psychopy.visual.text.TextStim'>, alignHoriz=method-wrapper(...), alignText='center', alignVert=method-wrapper(...), anchorHoriz='center', anchorVert='center', antialias=True, autoDraw=False, autoLog=True, bold=False, color=array([1., 1., 1.]), colorSpace='rgb', contrast=1.0, depth=-4.0, draggable=False, flipHoriz=False, flipVert=False, font='Arial', fontFiles=[], height=0.06, italic=False, languageStyle='LTR', name='intro_outcome_text', opacity=1, ori=0.0, pos=array([-0.335,  0.03 ]), rgb=UNKNOWN, text='Win!', units='height', win=Window(...), wrapWidth=1)
6.3900 	EXP 	Created intro_outcome_text_2 = TextStim(__class__=<class 'psychopy.visual.text.TextStim'>, alignHoriz=method-wrapper(...), alignText='center', alignVert=method-wrapper(...), anchorHoriz='center', anchorVert='center', antialias=True, autoDraw=False, autoLog=True, bold=False, color=array([1., 1., 1.]), colorSpace='rgb', contrast=1.0, depth=-5.0, draggable=False, flipHoriz=False, flipVert=False, font='Arial', fontFiles=[], height=0.03, italic=False, languageStyle='LTR', name='intro_outcome_text_2', opacity=1, ori=0.0, pos=array([-0.335, -0.03 ]), rgb=UNKNOWN, text='BIG\n($0.06)', units='height', win=Window(...), wrapWidth=1)
6.3956 	EXP 	Created intro_next_trial_txt_2 = TextStim(__class__=<class 'psychopy.visual.text.TextStim'>, alignHoriz=method-wrapper(...), alignText='center', alignVert=method-wrapper(...), anchorHoriz='center', anchorVert='center', antialias=True, autoDraw=False, autoLog=True, bold=False, color=array([1., 1., 1.]), colorSpace='rgb', contrast=1.0, depth=-6.0, draggable=False, flipHoriz=False, flipVert=False, font='Arial', fontFiles=[], height=0.04, italic=False, languageStyle='LTR', name='intro_next_trial_txt_2', opacity=1, ori=0.0, pos=array([ 0.  , -0.35]), rgb=UNKNOWN, text=str(...), units='height', win=Window(...), wrapWidth=1)
6.3961 	EXP 	Created text_4 = TextStim(__class__=<class 'psychopy.visual.text.TextStim'>, alignHoriz=method-wrapper(...), alignText='center', alignVert=method-wrapper(...), anchorHoriz='center', anchorVert='center', antialias=True, autoDraw=False, autoLog=True, bold=False, color=array([1., 1., 1.]), colorSpace='rgb', contrast=1.0, depth=0.0, draggable=False, flipHoriz=False, flipVert=False, font='Arial', fontFiles=[], height=0.05, italic=False, languageStyle='LTR', name='text_4', opacity=1, ori=0.0, pos=array([0., 0.]), rgb=UNKNOWN, text='', units='height', win=Window(...), wrapWidth=1)
6.3970 	EXP 	Created fixation_inst_5b = ShapeStim(__class__=<class 'psychopy.visual.shape.ShapeStim'>, anchor=('center', 'center'), autoDraw=False, autoLog=True, closeShape=True, color=method-wrapper(...), colorSpace='rgb', contrast=None, depth=-1.0, draggable=False, fillColor=array([1, 1, 1]), fillColorSpace='rgb', fillRGB=array([1, 1, 1]), interpolate=True, lineColor=array([1., 1., 1.]), lineColorSpace='rgb', lineRGB=array([1, 1, 1]), lineWidth=1.0, name='fixation_inst_5b', opacity=1, ori=0.0, pos=array([0., 0.]), size=array([0.03, 0.03]), units='height', vertices=ndarray(...), win=Window(...), windingRule=None)
6.4067 	DEBUG 	Saving data for Mood4 ExperimentHandler
6.4071 	INFO 	saved data to /Users/lucas/Documents/Experiments/Mood4/github_Mood4/data/_Mood4_2026-04-16_16h32.28.502.psydat
6.4073 	INFO 	saved data to '/Users/lucas/Documents/Experiments/Mood4/github_Mood4/data/_Mood4_2026-04-16_16h32.28.502.csv'
