3.9904 	DEBUG 	Fullscreen settings ignored as running in pilot mode.
3.9913 	INFO 	Loaded monitor calibration from ['2025_03_10 10:13']
4.1393 	EXP 	Created window1 = Window(allowGUI=True, allowStencil=False, autoLog=True, backendConf=UNKNOWN, backgroundFit=<method-wrapper '__getattribute__' of attributeSetter object at 0x7fcd80cae4f0>, backgroundImage=<method-wrapper '__getattribute__' of attributeSetter object at 0x7fcd80cae490>, bitsMode=UNKNOWN, blendMode='avg', bpc=(8, 8, 8), color=array([0.3, 0.3, 0.3]), colorSpace='rgb', depthBits=8, fullscr=False, gamma=None, gammaErrorPolicy='raise', infoMsg=UNKNOWN, lms=UNKNOWN, monitor=<psychopy.monitors.calibTools.Monitor object at 0x7fcd71099040>, multiSample=False, name='window1', numSamples=2, pos=[880.0, 420.0], screen=0, size=array([1600, 1200]), stencilBits=0, stereo=False, title='PsychoPy', units='height', useFBO=True, useRetina=True, viewOri=0.0, viewPos=None, viewScale=None, waitBlanking=True, winType='pyglet')
4.1393 	EXP 	window1: backgroundImage = ''
4.1394 	EXP 	window1: backgroundFit = 'none'
4.1483 	DEBUG 	TextBox2 loaded 1 chars with 0 blanks and 1 valid
4.1486 	DEBUG 	TextBox2 loaded 1 chars with 0 blanks and 1 valid
4.1490 	DEBUG 	TextBox2 loaded 1 chars with 0 blanks and 1 valid
4.1496 	DEBUG 	TextBox2 loaded 1 chars with 0 blanks and 1 valid
4.1502 	DEBUG 	TextBox2 loaded 1 chars with 0 blanks and 1 valid
4.1507 	DEBUG 	TextBox2 loaded 1 chars with 0 blanks and 1 valid
4.1512 	DEBUG 	TextBox2 loaded 1 chars with 0 blanks and 1 valid
4.1514 	DEBUG 	TextBox2 loaded 1 chars with 0 blanks and 1 valid
4.1516 	DEBUG 	TextBox2 loaded 1 chars with 0 blanks and 1 valid
4.1517 	DEBUG 	TextBox2 loaded 1 chars with 0 blanks and 1 valid
4.1522 	DEBUG 	TextBox2 loaded 1 chars with 0 blanks and 1 valid
4.1527 	DEBUG 	TextBox2 loaded 1 chars with 0 blanks and 1 valid
4.1529 	DEBUG 	TextBox2 loaded 1 chars with 0 blanks and 1 valid
4.1532 	DEBUG 	TextBox2 loaded 1 chars with 0 blanks and 1 valid
4.1536 	DEBUG 	TextBox2 loaded 1 chars with 0 blanks and 1 valid
4.1541 	DEBUG 	TextBox2 loaded 1 chars with 0 blanks and 1 valid
4.1545 	DEBUG 	TextBox2 loaded 1 chars with 0 blanks and 1 valid
4.1548 	DEBUG 	TextBox2 loaded 1 chars with 0 blanks and 1 valid
4.1552 	DEBUG 	TextBox2 loaded 1 chars with 0 blanks and 1 valid
4.1556 	DEBUG 	TextBox2 loaded 1 chars with 0 blanks and 1 valid
4.1561 	DEBUG 	TextBox2 loaded 1 chars with 0 blanks and 1 valid
4.1567 	DEBUG 	TextBox2 loaded 1 chars with 0 blanks and 1 valid
4.1570 	DEBUG 	TextBox2 loaded 1 chars with 0 blanks and 1 valid
4.1576 	DEBUG 	TextBox2 loaded 1 chars with 0 blanks and 1 valid
4.1580 	DEBUG 	TextBox2 loaded 1 chars with 0 blanks and 1 valid
4.1584 	DEBUG 	TextBox2 loaded 1 chars with 0 blanks and 1 valid
4.1589 	DEBUG 	TextBox2 loaded 1 chars with 0 blanks and 1 valid
4.1591 	DEBUG 	TextBox2 loaded 1 chars with 0 blanks and 1 valid
4.1593 	DEBUG 	Uploading Texture Font fontname to graphics card
4.1615 	DEBUG 	Upload of Texture Font fontname complete
4.1654 	DEBUG 	TextBox2 loaded 1 chars with 0 blanks and 1 valid
4.1660 	DEBUG 	TextBox2 loaded 1 chars with 0 blanks and 1 valid
4.1661 	DEBUG 	Uploading Texture Font fontname to graphics card
4.1675 	DEBUG 	Upload of Texture Font fontname complete
4.1754 	WARNING 	launchHubServer: If using the iohub mouse or eyetracker devices, fullScr should be True.
6.2035 	INFO 	keyboard.Keyboard is using iohub backend.
6.2036 	INFO 	keyboard.Keyboard is using iohub backend.
6.2036 	INFO 	keyboard.Keyboard is using iohub backend.
6.2036 	INFO 	keyboard.Keyboard is using iohub backend.
6.2036 	INFO 	keyboard.Keyboard is using iohub backend.
6.2036 	INFO 	keyboard.Keyboard is using iohub backend.
6.2036 	INFO 	keyboard.Keyboard is using iohub backend.
6.2037 	INFO 	keyboard.Keyboard is using iohub backend.
6.2037 	INFO 	keyboard.Keyboard is using iohub backend.
6.2037 	INFO 	keyboard.Keyboard is using iohub backend.
6.2037 	INFO 	keyboard.Keyboard is using iohub backend.
6.2037 	INFO 	keyboard.Keyboard is using iohub backend.
6.2037 	INFO 	keyboard.Keyboard is using iohub backend.
6.2037 	INFO 	keyboard.Keyboard is using iohub backend.
6.2037 	INFO 	keyboard.Keyboard is using iohub backend.
6.2038 	INFO 	keyboard.Keyboard is using iohub backend.
6.2038 	INFO 	keyboard.Keyboard is using iohub backend.
6.2038 	INFO 	keyboard.Keyboard is using iohub backend.
6.2038 	INFO 	keyboard.Keyboard is using iohub backend.
6.2038 	INFO 	keyboard.Keyboard is using iohub backend.
6.2038 	INFO 	keyboard.Keyboard is using iohub backend.
6.2038 	INFO 	keyboard.Keyboard is using iohub backend.
6.2038 	INFO 	keyboard.Keyboard is using iohub backend.
6.2039 	INFO 	keyboard.Keyboard is using iohub backend.
6.2039 	EXP 	Mood4: status = STARTED
6.2674 	EXP 	Created text_9 = TextStim(__class__=<class 'psychopy.visual.text.TextStim'>, alignHoriz=method-wrapper(...), alignText='center', alignVert=method-wrapper(...), anchorHoriz='center', anchorVert='center', antialias=True, autoDraw=False, autoLog=True, bold=False, color=array([-1., -1., -1.]), colorSpace='rgb', contrast=1.0, depth=0.0, draggable=False, flipHoriz=False, flipVert=False, font='Arial', fontFiles=[], height=0.03, italic=False, languageStyle='LTR', name='text_9', opacity=1, ori=0.0, pos=array([0., 0.]), rgb=UNKNOWN, text=str(...), units='height', win=Window(...), wrapWidth=1)
6.2711 	DEBUG 	TextBox2 loaded 1 chars with 0 blanks and 1 valid
6.2712 	DEBUG 	TextBox2 loaded 1 chars with 0 blanks and 1 valid
6.2714 	DEBUG 	TextBox2 loaded 1 chars with 0 blanks and 1 valid
6.2716 	DEBUG 	TextBox2 loaded 1 chars with 0 blanks and 1 valid
6.2718 	DEBUG 	TextBox2 loaded 1 chars with 0 blanks and 1 valid
6.2720 	DEBUG 	TextBox2 loaded 1 chars with 0 blanks and 1 valid
6.2721 	DEBUG 	TextBox2 loaded 1 chars with 0 blanks and 1 valid
6.2723 	DEBUG 	Uploading Texture Font fontname to graphics card
6.2744 	DEBUG 	Upload of Texture Font fontname complete
6.2775 	DEBUG 	TextBox2 loaded 1 chars with 0 blanks and 1 valid
6.2778 	DEBUG 	TextBox2 loaded 1 chars with 0 blanks and 1 valid
6.2780 	DEBUG 	TextBox2 loaded 1 chars with 0 blanks and 1 valid
6.2782 	DEBUG 	TextBox2 loaded 1 chars with 0 blanks and 1 valid
6.2784 	DEBUG 	TextBox2 loaded 1 chars with 0 blanks and 1 valid
6.2785 	DEBUG 	Uploading Texture Font fontname to graphics card
6.2800 	DEBUG 	Upload of Texture Font fontname complete
6.2811 	EXP 	Created Intro_text_show = TextStim(__class__=<class 'psychopy.visual.text.TextStim'>, alignHoriz=method-wrapper(...), alignText='center', alignVert=method-wrapper(...), anchorHoriz='center', anchorVert='center', antialias=True, autoDraw=False, autoLog=True, bold=False, color=array([-1., -1., -1.]), colorSpace='rgb', contrast=1.0, depth=0.0, draggable=False, flipHoriz=False, flipVert=False, font='Arial', fontFiles=[], height=0.04, italic=False, languageStyle='LTR', name='Intro_text_show', opacity=1, ori=0.0, pos=array([0., 0.]), rgb=UNKNOWN, text='', units='height', win=Window(...), wrapWidth=1)
6.2846 	EXP 	Created Continue_txt = TextStim(__class__=<class 'psychopy.visual.text.TextStim'>, alignHoriz=method-wrapper(...), alignText='center', alignVert=method-wrapper(...), anchorHoriz='center', anchorVert='center', antialias=True, autoDraw=False, autoLog=True, bold=False, color=array([-1., -1., -1.]), colorSpace='rgb', contrast=1.0, depth=-1.0, draggable=False, flipHoriz=False, flipVert=False, font='Arial', fontFiles=[], height=0.04, italic=False, languageStyle='LTR', name='Continue_txt', opacity=1, ori=0.0, pos=array([ 0. , -0.4]), rgb=UNKNOWN, text='Press <enter> to continue', units='height', win=Window(...), wrapWidth=1)
6.2871 	EXP 	Created fixation_inst_5a = ShapeStim(__class__=<class 'psychopy.visual.shape.ShapeStim'>, anchor=('center', 'center'), autoDraw=False, autoLog=True, closeShape=True, color=method-wrapper(...), colorSpace='rgb', contrast=None, depth=-1.0, draggable=False, fillColor=array([-1, -1, -1]), fillColorSpace='rgb', fillRGB=array([-1, -1, -1]), interpolate=True, lineColor=array([-1., -1., -1.]), lineColorSpace='rgb', lineRGB=array([-1, -1, -1]), lineWidth=1.0, name='fixation_inst_5a', opacity=1, ori=0.0, pos=array([0., 0.]), size=array([0.03, 0.03]), units='height', vertices=ndarray(...), win=Window(...), windingRule=None)
6.2895 	EXP 	Created LL_line = Rect(__class__=<class 'psychopy.visual.rect.Rect'>, anchor=('center', 'center'), autoDraw=False, autoLog=True, closeShape=True, color=method-wrapper(...), colorSpace='rgb', contrast=None, depth=-2.0, draggable=False, fillColor=array([-1, -1, -1]), fillColorSpace='rgb', fillRGB=array([-1, -1, -1]), interpolate=True, lineColor=array([-1., -1., -1.]), lineColorSpace='rgb', lineRGB=array([-1, -1, -1]), lineWidth=1.0, name='LL_line', opacity=1, ori=0.0, pos=array([-0.55,  0.  ]), size=array([0.002, 0.7  ]), units='height', vertices=ndarray(...), win=Window(...))
6.2901 	EXP 	Created LR_line = Rect(__class__=<class 'psychopy.visual.rect.Rect'>, anchor=('center', 'center'), autoDraw=False, autoLog=True, closeShape=True, color=method-wrapper(...), colorSpace='rgb', contrast=None, depth=-3.0, draggable=False, fillColor=array([-1, -1, -1]), fillColorSpace='rgb', fillRGB=array([-1, -1, -1]), interpolate=True, lineColor=array([-1., -1., -1.]), lineColorSpace='rgb', lineRGB=array([-1, -1, -1]), lineWidth=1.0, name='LR_line', opacity=1, ori=0.0, pos=array([-0.1,  0. ]), size=array([0.002, 0.7  ]), units='height', vertices=ndarray(...), win=Window(...))
6.2907 	EXP 	Created RL_line = Rect(__class__=<class 'psychopy.visual.rect.Rect'>, anchor=('center', 'center'), autoDraw=False, autoLog=True, closeShape=True, color=method-wrapper(...), colorSpace='rgb', contrast=None, depth=-4.0, draggable=False, fillColor=array([-1, -1, -1]), fillColorSpace='rgb', fillRGB=array([-1, -1, -1]), interpolate=True, lineColor=array([-1., -1., -1.]), lineColorSpace='rgb', lineRGB=array([-1, -1, -1]), lineWidth=1.0, name='RL_line', opacity=1, ori=0.0, pos=array([0.1, 0. ]), size=array([0.002, 0.7  ]), units='height', vertices=ndarray(...), win=Window(...))
6.2913 	EXP 	Created RR_line = Rect(__class__=<class 'psychopy.visual.rect.Rect'>, anchor=('center', 'center'), autoDraw=False, autoLog=True, closeShape=True, color=method-wrapper(...), colorSpace='rgb', contrast=None, depth=-5.0, draggable=False, fillColor=array([-1, -1, -1]), fillColorSpace='rgb', fillRGB=array([-1, -1, -1]), interpolate=True, lineColor=array([-1., -1., -1.]), lineColorSpace='rgb', lineRGB=array([-1, -1, -1]), lineWidth=1.0, name='RR_line', opacity=1, ori=0.0, pos=array([0.55, 0.  ]), size=array([0.002, 0.7  ]), units='height', vertices=ndarray(...), win=Window(...))
6.2918 	EXP 	Created intro_sure = Rect(__class__=<class 'psychopy.visual.rect.Rect'>, anchor=('center', 'center'), autoDraw=False, autoLog=True, closeShape=True, color=method-wrapper(...), colorSpace='rgb', contrast=None, depth=-6.0, draggable=False, fillColor=array([1, 1, 1]), fillColorSpace='rgb', fillRGB=array([1, 1, 1]), interpolate=True, lineColor=array([1., 1., 1.]), lineColorSpace='rgb', lineRGB=array([1, 1, 1]), lineWidth=1.0, name='intro_sure', opacity=1, ori=0.0, pos=array([-0.335,  0.   ]), size=array([0.2, 0.2]), units='height', vertices=ndarray(...), win=Window(...))
6.2924 	EXP 	Created intro_sure_txt = TextStim(__class__=<class 'psychopy.visual.text.TextStim'>, alignHoriz=method-wrapper(...), alignText='center', alignVert=method-wrapper(...), anchorHoriz='center', anchorVert='center', antialias=True, autoDraw=False, autoLog=True, bold=False, color=array([-1., -1., -1.]), colorSpace='rgb', contrast=1.0, depth=-7.0, draggable=False, flipHoriz=False, flipVert=False, font='Arial', fontFiles=[], height=0.055, italic=False, languageStyle='LTR', name='intro_sure_txt', opacity=1, ori=0.0, pos=array([-0.335,  0.   ]), rgb=UNKNOWN, text='', units='height', win=Window(...), wrapWidth=1)
6.2930 	EXP 	Created intro_gambletop = Rect(__class__=<class 'psychopy.visual.rect.Rect'>, anchor=('center', 'center'), autoDraw=False, autoLog=True, closeShape=True, color=method-wrapper(...), colorSpace='rgb', contrast=None, depth=-8.0, draggable=False, fillColor=array([1, 1, 1]), fillColorSpace='rgb', fillRGB=array([1, 1, 1]), interpolate=True, lineColor=array([1., 1., 1.]), lineColorSpace='rgb', lineRGB=array([1, 1, 1]), lineWidth=1.0, name='intro_gambletop', opacity=1, ori=0.0, pos=array([0.335, 0.2  ]), size=array([0.2, 0.2]), units='height', vertices=ndarray(...), win=Window(...))
6.3048 	DEBUG 	Saving data for Mood4 ExperimentHandler
6.3054 	INFO 	saved data to /Users/lucas/Documents/Experiments/Mood4/github_Mood4/data/_Mood4_2026-04-09_17h03.26.067.psydat
6.3055 	INFO 	saved data to '/Users/lucas/Documents/Experiments/Mood4/github_Mood4/data/_Mood4_2026-04-09_17h03.26.067.csv'
