3.9080 	DEBUG 	Fullscreen settings ignored as running in pilot mode.
3.9092 	INFO 	Loaded monitor calibration from ['2025_03_10 10:13']
4.0653 	EXP 	Created window1 = Window(allowGUI=True, allowStencil=False, autoLog=True, backendConf=UNKNOWN, backgroundFit=<method-wrapper '__getattribute__' of attributeSetter object at 0x7fe6622cc760>, backgroundImage=<method-wrapper '__getattribute__' of attributeSetter object at 0x7fe6622cc670>, bitsMode=UNKNOWN, blendMode='avg', bpc=(8, 8, 8), color=array([0.3, 0.3, 0.3]), colorSpace='rgb', depthBits=8, fullscr=False, gamma=None, gammaErrorPolicy='raise', infoMsg=UNKNOWN, lms=UNKNOWN, monitor=<psychopy.monitors.calibTools.Monitor object at 0x7fe661fce250>, multiSample=False, name='window1', numSamples=2, pos=[880.0, 420.0], screen=0, size=array([1600, 1200]), stencilBits=0, stereo=False, title='PsychoPy', units='height', useFBO=True, useRetina=True, viewOri=0.0, viewPos=None, viewScale=None, waitBlanking=True, winType='pyglet')
4.0654 	EXP 	window1: backgroundImage = ''
4.0654 	EXP 	window1: backgroundFit = 'none'
4.0717 	DEBUG 	TextBox2 loaded 1 chars with 0 blanks and 1 valid
4.0719 	DEBUG 	TextBox2 loaded 1 chars with 0 blanks and 1 valid
4.0724 	DEBUG 	TextBox2 loaded 1 chars with 0 blanks and 1 valid
4.0730 	DEBUG 	TextBox2 loaded 1 chars with 0 blanks and 1 valid
4.0735 	DEBUG 	TextBox2 loaded 1 chars with 0 blanks and 1 valid
4.0740 	DEBUG 	TextBox2 loaded 1 chars with 0 blanks and 1 valid
4.0746 	DEBUG 	TextBox2 loaded 1 chars with 0 blanks and 1 valid
4.0749 	DEBUG 	TextBox2 loaded 1 chars with 0 blanks and 1 valid
4.0750 	DEBUG 	TextBox2 loaded 1 chars with 0 blanks and 1 valid
4.0751 	DEBUG 	TextBox2 loaded 1 chars with 0 blanks and 1 valid
4.0756 	DEBUG 	TextBox2 loaded 1 chars with 0 blanks and 1 valid
4.0761 	DEBUG 	TextBox2 loaded 1 chars with 0 blanks and 1 valid
4.0764 	DEBUG 	TextBox2 loaded 1 chars with 0 blanks and 1 valid
4.0767 	DEBUG 	TextBox2 loaded 1 chars with 0 blanks and 1 valid
4.0771 	DEBUG 	TextBox2 loaded 1 chars with 0 blanks and 1 valid
4.0776 	DEBUG 	TextBox2 loaded 1 chars with 0 blanks and 1 valid
4.0780 	DEBUG 	TextBox2 loaded 1 chars with 0 blanks and 1 valid
4.0783 	DEBUG 	TextBox2 loaded 1 chars with 0 blanks and 1 valid
4.0788 	DEBUG 	TextBox2 loaded 1 chars with 0 blanks and 1 valid
4.0791 	DEBUG 	TextBox2 loaded 1 chars with 0 blanks and 1 valid
4.0797 	DEBUG 	TextBox2 loaded 1 chars with 0 blanks and 1 valid
4.0802 	DEBUG 	TextBox2 loaded 1 chars with 0 blanks and 1 valid
4.0806 	DEBUG 	TextBox2 loaded 1 chars with 0 blanks and 1 valid
4.0811 	DEBUG 	TextBox2 loaded 1 chars with 0 blanks and 1 valid
4.0816 	DEBUG 	TextBox2 loaded 1 chars with 0 blanks and 1 valid
4.0820 	DEBUG 	TextBox2 loaded 1 chars with 0 blanks and 1 valid
4.0825 	DEBUG 	TextBox2 loaded 1 chars with 0 blanks and 1 valid
4.0827 	DEBUG 	TextBox2 loaded 1 chars with 0 blanks and 1 valid
4.0828 	DEBUG 	Uploading Texture Font fontname to graphics card
4.0853 	DEBUG 	Upload of Texture Font fontname complete
4.0893 	DEBUG 	TextBox2 loaded 1 chars with 0 blanks and 1 valid
4.0898 	DEBUG 	TextBox2 loaded 1 chars with 0 blanks and 1 valid
4.0900 	DEBUG 	Uploading Texture Font fontname to graphics card
4.0918 	DEBUG 	Upload of Texture Font fontname complete
4.0996 	WARNING 	launchHubServer: If using the iohub mouse or eyetracker devices, fullScr should be True.
6.0996 	INFO 	keyboard.Keyboard is using iohub backend.
6.0996 	INFO 	keyboard.Keyboard is using iohub backend.
6.0996 	INFO 	keyboard.Keyboard is using iohub backend.
6.0996 	INFO 	keyboard.Keyboard is using iohub backend.
6.0996 	INFO 	keyboard.Keyboard is using iohub backend.
6.0997 	INFO 	keyboard.Keyboard is using iohub backend.
6.0997 	INFO 	keyboard.Keyboard is using iohub backend.
6.0997 	INFO 	keyboard.Keyboard is using iohub backend.
6.0997 	INFO 	keyboard.Keyboard is using iohub backend.
6.0997 	INFO 	keyboard.Keyboard is using iohub backend.
6.0997 	INFO 	keyboard.Keyboard is using iohub backend.
6.0997 	INFO 	keyboard.Keyboard is using iohub backend.
6.0998 	INFO 	keyboard.Keyboard is using iohub backend.
6.0998 	INFO 	keyboard.Keyboard is using iohub backend.
6.0998 	INFO 	keyboard.Keyboard is using iohub backend.
6.0998 	INFO 	keyboard.Keyboard is using iohub backend.
6.0998 	INFO 	keyboard.Keyboard is using iohub backend.
6.0998 	INFO 	keyboard.Keyboard is using iohub backend.
6.0998 	INFO 	keyboard.Keyboard is using iohub backend.
6.0998 	INFO 	keyboard.Keyboard is using iohub backend.
6.0999 	INFO 	keyboard.Keyboard is using iohub backend.
6.0999 	INFO 	keyboard.Keyboard is using iohub backend.
6.0999 	INFO 	keyboard.Keyboard is using iohub backend.
6.0999 	INFO 	keyboard.Keyboard is using iohub backend.
6.0999 	EXP 	Mood4: status = STARTED
6.1714 	EXP 	Created text_9 = TextStim(__class__=<class 'psychopy.visual.text.TextStim'>, alignHoriz=method-wrapper(...), alignText='center', alignVert=method-wrapper(...), anchorHoriz='center', anchorVert='center', antialias=True, autoDraw=False, autoLog=True, bold=False, color=array([-1., -1., -1.]), colorSpace='rgb', contrast=1.0, depth=0.0, draggable=False, flipHoriz=False, flipVert=False, font='Arial', fontFiles=[], height=0.03, italic=False, languageStyle='LTR', name='text_9', opacity=1, ori=0.0, pos=array([0., 0.]), rgb=UNKNOWN, text=str(...), units='height', win=Window(...), wrapWidth=1)
6.1752 	DEBUG 	TextBox2 loaded 1 chars with 0 blanks and 1 valid
6.1753 	DEBUG 	TextBox2 loaded 1 chars with 0 blanks and 1 valid
6.1755 	DEBUG 	TextBox2 loaded 1 chars with 0 blanks and 1 valid
6.1757 	DEBUG 	TextBox2 loaded 1 chars with 0 blanks and 1 valid
6.1759 	DEBUG 	TextBox2 loaded 1 chars with 0 blanks and 1 valid
6.1761 	DEBUG 	TextBox2 loaded 1 chars with 0 blanks and 1 valid
6.1763 	DEBUG 	TextBox2 loaded 1 chars with 0 blanks and 1 valid
6.1764 	DEBUG 	Uploading Texture Font fontname to graphics card
6.1786 	DEBUG 	Upload of Texture Font fontname complete
6.1818 	DEBUG 	TextBox2 loaded 1 chars with 0 blanks and 1 valid
6.1821 	DEBUG 	TextBox2 loaded 1 chars with 0 blanks and 1 valid
6.1823 	DEBUG 	TextBox2 loaded 1 chars with 0 blanks and 1 valid
6.1826 	DEBUG 	TextBox2 loaded 1 chars with 0 blanks and 1 valid
6.1828 	DEBUG 	TextBox2 loaded 1 chars with 0 blanks and 1 valid
6.1829 	DEBUG 	Uploading Texture Font fontname to graphics card
6.1844 	DEBUG 	Upload of Texture Font fontname complete
6.1856 	EXP 	Created Intro_text_show = TextStim(__class__=<class 'psychopy.visual.text.TextStim'>, alignHoriz=method-wrapper(...), alignText='center', alignVert=method-wrapper(...), anchorHoriz='center', anchorVert='center', antialias=True, autoDraw=False, autoLog=True, bold=False, color=array([-1., -1., -1.]), colorSpace='rgb', contrast=1.0, depth=0.0, draggable=False, flipHoriz=False, flipVert=False, font='Arial', fontFiles=[], height=0.04, italic=False, languageStyle='LTR', name='Intro_text_show', opacity=1, ori=0.0, pos=array([0., 0.]), rgb=UNKNOWN, text='', units='height', win=Window(...), wrapWidth=1)
6.1891 	EXP 	Created Continue_txt = TextStim(__class__=<class 'psychopy.visual.text.TextStim'>, alignHoriz=method-wrapper(...), alignText='center', alignVert=method-wrapper(...), anchorHoriz='center', anchorVert='center', antialias=True, autoDraw=False, autoLog=True, bold=False, color=array([-1., -1., -1.]), colorSpace='rgb', contrast=1.0, depth=-1.0, draggable=False, flipHoriz=False, flipVert=False, font='Arial', fontFiles=[], height=0.04, italic=False, languageStyle='LTR', name='Continue_txt', opacity=1, ori=0.0, pos=array([ 0. , -0.4]), rgb=UNKNOWN, text='Press <enter> to continue', units='height', win=Window(...), wrapWidth=1)
6.1922 	EXP 	Created fixation_inst_5a = ShapeStim(__class__=<class 'psychopy.visual.shape.ShapeStim'>, anchor=('center', 'center'), autoDraw=False, autoLog=True, closeShape=True, color=method-wrapper(...), colorSpace='rgb', contrast=None, depth=-1.0, draggable=False, fillColor=array([-1, -1, -1]), fillColorSpace='rgb', fillRGB=array([-1, -1, -1]), interpolate=True, lineColor=array([-1., -1., -1.]), lineColorSpace='rgb', lineRGB=array([-1, -1, -1]), lineWidth=1.0, name='fixation_inst_5a', opacity=1, ori=0.0, pos=array([0., 0.]), size=array([0.03, 0.03]), units='height', vertices=ndarray(...), win=Window(...), windingRule=None)
6.1929 	EXP 	Created LL_line = Rect(__class__=<class 'psychopy.visual.rect.Rect'>, anchor=('center', 'center'), autoDraw=False, autoLog=True, closeShape=True, color=method-wrapper(...), colorSpace='rgb', contrast=None, depth=-2.0, draggable=False, fillColor=array([-1, -1, -1]), fillColorSpace='rgb', fillRGB=array([-1, -1, -1]), interpolate=True, lineColor=array([-1., -1., -1.]), lineColorSpace='rgb', lineRGB=array([-1, -1, -1]), lineWidth=1.0, name='LL_line', opacity=1, ori=0.0, pos=array([-0.55,  0.  ]), size=array([0.002, 0.7  ]), units='height', vertices=ndarray(...), win=Window(...))
6.1935 	EXP 	Created LR_line = Rect(__class__=<class 'psychopy.visual.rect.Rect'>, anchor=('center', 'center'), autoDraw=False, autoLog=True, closeShape=True, color=method-wrapper(...), colorSpace='rgb', contrast=None, depth=-3.0, draggable=False, fillColor=array([-1, -1, -1]), fillColorSpace='rgb', fillRGB=array([-1, -1, -1]), interpolate=True, lineColor=array([-1., -1., -1.]), lineColorSpace='rgb', lineRGB=array([-1, -1, -1]), lineWidth=1.0, name='LR_line', opacity=1, ori=0.0, pos=array([-0.1,  0. ]), size=array([0.002, 0.7  ]), units='height', vertices=ndarray(...), win=Window(...))
6.1941 	EXP 	Created RL_line = Rect(__class__=<class 'psychopy.visual.rect.Rect'>, anchor=('center', 'center'), autoDraw=False, autoLog=True, closeShape=True, color=method-wrapper(...), colorSpace='rgb', contrast=None, depth=-4.0, draggable=False, fillColor=array([-1, -1, -1]), fillColorSpace='rgb', fillRGB=array([-1, -1, -1]), interpolate=True, lineColor=array([-1., -1., -1.]), lineColorSpace='rgb', lineRGB=array([-1, -1, -1]), lineWidth=1.0, name='RL_line', opacity=1, ori=0.0, pos=array([0.1, 0. ]), size=array([0.002, 0.7  ]), units='height', vertices=ndarray(...), win=Window(...))
6.1947 	EXP 	Created RR_line = Rect(__class__=<class 'psychopy.visual.rect.Rect'>, anchor=('center', 'center'), autoDraw=False, autoLog=True, closeShape=True, color=method-wrapper(...), colorSpace='rgb', contrast=None, depth=-5.0, draggable=False, fillColor=array([-1, -1, -1]), fillColorSpace='rgb', fillRGB=array([-1, -1, -1]), interpolate=True, lineColor=array([-1., -1., -1.]), lineColorSpace='rgb', lineRGB=array([-1, -1, -1]), lineWidth=1.0, name='RR_line', opacity=1, ori=0.0, pos=array([0.55, 0.  ]), size=array([0.002, 0.7  ]), units='height', vertices=ndarray(...), win=Window(...))
6.1952 	EXP 	Created intro_sure = Rect(__class__=<class 'psychopy.visual.rect.Rect'>, anchor=('center', 'center'), autoDraw=False, autoLog=True, closeShape=True, color=method-wrapper(...), colorSpace='rgb', contrast=None, depth=-6.0, draggable=False, fillColor=array([1, 1, 1]), fillColorSpace='rgb', fillRGB=array([1, 1, 1]), interpolate=True, lineColor=array([1., 1., 1.]), lineColorSpace='rgb', lineRGB=array([1, 1, 1]), lineWidth=1.0, name='intro_sure', opacity=1, ori=0.0, pos=array([-0.335,  0.   ]), size=array([0.2, 0.2]), units='height', vertices=ndarray(...), win=Window(...))
6.1958 	EXP 	Created intro_sure_txt = TextStim(__class__=<class 'psychopy.visual.text.TextStim'>, alignHoriz=method-wrapper(...), alignText='center', alignVert=method-wrapper(...), anchorHoriz='center', anchorVert='center', antialias=True, autoDraw=False, autoLog=True, bold=False, color=array([-1., -1., -1.]), colorSpace='rgb', contrast=1.0, depth=-7.0, draggable=False, flipHoriz=False, flipVert=False, font='Arial', fontFiles=[], height=0.055, italic=False, languageStyle='LTR', name='intro_sure_txt', opacity=1, ori=0.0, pos=array([-0.335,  0.   ]), rgb=UNKNOWN, text='', units='height', win=Window(...), wrapWidth=1)
6.1963 	EXP 	Created intro_gambletop = Rect(__class__=<class 'psychopy.visual.rect.Rect'>, anchor=('center', 'center'), autoDraw=False, autoLog=True, closeShape=True, color=method-wrapper(...), colorSpace='rgb', contrast=None, depth=-8.0, draggable=False, fillColor=array([1, 1, 1]), fillColorSpace='rgb', fillRGB=array([1, 1, 1]), interpolate=True, lineColor=array([1., 1., 1.]), lineColorSpace='rgb', lineRGB=array([1, 1, 1]), lineWidth=1.0, name='intro_gambletop', opacity=1, ori=0.0, pos=array([0.335, 0.2  ]), size=array([0.2, 0.2]), units='height', vertices=ndarray(...), win=Window(...))
6.1986 	EXP 	Created intro_gambletop_txt = TextStim(__class__=<class 'psychopy.visual.text.TextStim'>, alignHoriz=method-wrapper(...), alignText='center', alignVert=method-wrapper(...), anchorHoriz='center', anchorVert='center', antialias=True, autoDraw=False, autoLog=True, bold=False, color=array([-1., -1., -1.]), colorSpace='rgb', contrast=1.0, depth=-9.0, draggable=False, flipHoriz=False, flipVert=False, font='Arial', fontFiles=[], height=0.055, italic=False, languageStyle='LTR', name='intro_gambletop_txt', opacity=1, ori=0.0, pos=array([0.335, 0.23 ]), rgb=UNKNOWN, text='0.3', units='height', win=Window(...), wrapWidth=1)
6.2001 	EXP 	Created intro_gambletop_p = TextStim(__class__=<class 'psychopy.visual.text.TextStim'>, alignHoriz=method-wrapper(...), alignText='center', alignVert=method-wrapper(...), anchorHoriz='center', anchorVert='center', antialias=True, autoDraw=False, autoLog=True, bold=False, color=array([-1., -1., -1.]), colorSpace='rgb', contrast=1.0, depth=-10.0, draggable=False, flipHoriz=False, flipVert=False, font='Arial', fontFiles=[], height=0.04, italic=False, languageStyle='LTR', name='intro_gambletop_p', opacity=1, ori=0.0, pos=array([0.335, 0.16 ]), rgb=UNKNOWN, text='80%', units='height', win=Window(...), wrapWidth=1)
6.2015 	EXP 	Created intro_gamblelow = Rect(__class__=<class 'psychopy.visual.rect.Rect'>, anchor=('center', 'center'), autoDraw=False, autoLog=True, closeShape=True, color=method-wrapper(...), colorSpace='rgb', contrast=None, depth=-11.0, draggable=False, fillColor=array([1, 1, 1]), fillColorSpace='rgb', fillRGB=array([1, 1, 1]), interpolate=True, lineColor=array([1., 1., 1.]), lineColorSpace='rgb', lineRGB=array([1, 1, 1]), lineWidth=1.0, name='intro_gamblelow', opacity=1, ori=0.0, pos=array([ 0.335, -0.2  ]), size=array([0.2, 0.2]), units='height', vertices=ndarray(...), win=Window(...))
6.2024 	EXP 	Created intro_gamblelow_txt = TextStim(__class__=<class 'psychopy.visual.text.TextStim'>, alignHoriz=method-wrapper(...), alignText='center', alignVert=method-wrapper(...), anchorHoriz='center', anchorVert='center', antialias=True, autoDraw=False, autoLog=True, bold=False, color=array([-1., -1., -1.]), colorSpace='rgb', contrast=1.0, depth=-12.0, draggable=False, flipHoriz=False, flipVert=False, font='Arial', fontFiles=[], height=0.055, italic=False, languageStyle='LTR', name='intro_gamblelow_txt', opacity=1, ori=0.0, pos=array([ 0.335, -0.17 ]), rgb=UNKNOWN, text='0', units='height', win=Window(...), wrapWidth=1)
6.2035 	EXP 	Created intro_gamblelow_p = TextStim(__class__=<class 'psychopy.visual.text.TextStim'>, alignHoriz=method-wrapper(...), alignText='center', alignVert=method-wrapper(...), anchorHoriz='center', anchorVert='center', antialias=True, autoDraw=False, autoLog=True, bold=False, color=array([-1., -1., -1.]), colorSpace='rgb', contrast=1.0, depth=-13.0, draggable=False, flipHoriz=False, flipVert=False, font='Arial', fontFiles=[], height=0.04, italic=False, languageStyle='LTR', name='intro_gamblelow_p', opacity=1, ori=0.0, pos=array([ 0.335, -0.24 ]), rgb=UNKNOWN, text='20%', units='height', win=Window(...), wrapWidth=1)
6.2120 	EXP 	Created text_inst_5a = TextStim(__class__=<class 'psychopy.visual.text.TextStim'>, alignHoriz=method-wrapper(...), alignText='center', alignVert=method-wrapper(...), anchorHoriz='center', anchorVert='center', antialias=True, autoDraw=False, autoLog=True, bold=False, color=array([-1., -1., -1.]), colorSpace='rgb', contrast=1.0, depth=-14.0, draggable=False, flipHoriz=False, flipVert=False, font='Arial', fontFiles=[], height=0.03, italic=False, languageStyle='LTR', name='text_inst_5a', opacity=1, ori=0.0, pos=array([ 0.  , -0.43]), rgb=UNKNOWN, text=str(...), units='height', win=Window(...), wrapWidth=1)
6.2131 	EXP 	Created fixation_inst_5a_2 = ShapeStim(__class__=<class 'psychopy.visual.shape.ShapeStim'>, anchor=('center', 'center'), autoDraw=False, autoLog=True, closeShape=True, color=method-wrapper(...), colorSpace='rgb', contrast=None, depth=-1.0, draggable=False, fillColor=array([1, 1, 1]), fillColorSpace='rgb', fillRGB=array([1, 1, 1]), interpolate=True, lineColor=array([1., 1., 1.]), lineColorSpace='rgb', lineRGB=array([1, 1, 1]), lineWidth=1.0, name='fixation_inst_5a_2', opacity=1, ori=0.0, pos=array([0., 0.]), size=array([0.03, 0.03]), units='height', vertices=ndarray(...), win=Window(...), windingRule=None)
6.2231 	DEBUG 	Saving data for Mood4 ExperimentHandler
6.2233 	INFO 	saved data to /Users/lucas/Documents/Experiments/Mood4/github_Mood4/data/_Mood4_2026-04-09_16h38.23.544.psydat
6.2234 	INFO 	saved data to '/Users/lucas/Documents/Experiments/Mood4/github_Mood4/data/_Mood4_2026-04-09_16h38.23.544.csv'
